# JRE version: OpenJDK Runtime Environment Temurin-17.0.5+8 (17.0.5+8) (build 17.0.5+8)
# Java VM: OpenJDK 64-Bit Server VM Temurin-17.0.5+8 (17.0.5+8, mixed mode, tiered, compressed oops, compressed class ptrs, parallel gc, linux-amd64)
GC Precious Log:
 CPUs: 8 total, 8 available
 Memory: 15935M
 Large Page Support: Disabled
 NUMA Support: Disabled
 Compressed Oops: Enabled (32-bit)
 Alignments: Space 512K, Generation 512K, Heap 2M
 Heap Min Capacity: 100M
 Heap Initial Capacity: 100M
 Heap Max Capacity: 1G
 Pre-touch: Disabled
 Parallel Workers: 8
Heap:
 PSYoungGen      total 2560K, used 2320K [0x00000000eab00000, 0x00000000eaf00000, 0x0000000100000000)
  eden space 1536K, 95% used [0x00000000eab00000,0x00000000eac70390,0x00000000eac80000)
  from space 1024K, 82% used [0x00000000eae00000,0x00000000eaed4010,0x00000000eaf00000)
  to   space 1024K, 0% used [0x00000000eac80000,0x00000000eac80000,0x00000000ead80000)
 ParOldGen       total 322560K, used 262407K [0x00000000c0000000, 0x00000000d3b00000, 0x00000000eab00000)
  object space 322560K, 81% used [0x00000000c0000000,0x00000000d0041fc8,0x00000000d3b00000)
 Metaspace       used 88284K, committed 89472K, reserved 1130496K
  class space    used 8997K, committed 9536K, reserved 1048576K
GC Heap History (20 events):
Event: 1371,892 GC heap before
{Heap before GC invocations=387 (full 12):
 PSYoungGen      total 4096K, used 3600K [0x00000000eab00000, 0x00000000eb100000, 0x0000000100000000)
  eden space 3072K, 100% used [0x00000000eab00000,0x00000000eae00000,0x00000000eae00000)
  from space 1024K, 51% used [0x00000000eb000000,0x00000000eb084010,0x00000000eb100000)
  to   space 1024K, 0% used [0x00000000eaf00000,0x00000000eaf00000,0x00000000eb000000)
 ParOldGen       total 322560K, used 258207K [0x00000000c0000000, 0x00000000d3b00000, 0x00000000eab00000)
  object space 322560K, 80% used [0x00000000c0000000,0x00000000cfc27cc8,0x00000000d3b00000)
 Metaspace       used 88150K, committed 89344K, reserved 1130496K
  class space    used 8986K, committed 9536K, reserved 1048576K
}
Event: 1371,893 GC heap after
{Heap after GC invocations=387 (full 12):
 PSYoungGen      total 4096K, used 928K [0x00000000eab00000, 0x00000000eb080000, 0x0000000100000000)
  eden space 3072K, 0% used [0x00000000eab00000,0x00000000eab00000,0x00000000eae00000)
  from space 1024K, 90% used [0x00000000eaf00000,0x00000000eafe8020,0x00000000eb000000)
  to   space 512K, 0% used [0x00000000eb000000,0x00000000eb000000,0x00000000eb080000)
 ParOldGen       total 322560K, used 258666K [0x00000000c0000000, 0x00000000d3b00000, 0x00000000eab00000)
  object space 322560K, 80% used [0x00000000c0000000,0x00000000cfc9abc8,0x00000000d3b00000)
 Metaspace       used 88150K, committed 89344K, reserved 1130496K
  class space    used 8986K, committed 9536K, reserved 1048576K
}
Event: 1371,900 GC heap before
{Heap before GC invocations=388 (full 12):
 PSYoungGen      total 4096K, used 4000K [0x00000000eab00000, 0x00000000eb080000, 0x0000000100000000)
  eden space 3072K, 100% used [0x00000000eab00000,0x00000000eae00000,0x00000000eae00000)
  from space 1024K, 90% used [0x00000000eaf00000,0x00000000eafe8020,0x00000000eb000000)
  to   space 512K, 0% used [0x00000000eb000000,0x00000000eb000000,0x00000000eb080000)
 ParOldGen       total 322560K, used 258666K [0x00000000c0000000, 0x00000000d3b00000, 0x00000000eab00000)
  object space 322560K, 80% used [0x00000000c0000000,0x00000000cfc9abc8,0x00000000d3b00000)
 Metaspace       used 88151K, committed 89344K, reserved 1130496K
  class space    used 8986K, committed 9536K, reserved 1048576K
}
Event: 1371,901 GC heap after
{Heap after GC invocations=388 (full 12):
 PSYoungGen      total 3584K, used 496K [0x00000000eab00000, 0x00000000eb200000, 0x0000000100000000)
  eden space 3072K, 0% used [0x00000000eab00000,0x00000000eab00000,0x00000000eae00000)
  from space 512K, 96% used [0x00000000eb000000,0x00000000eb07c010,0x00000000eb080000)
  to   space 2048K, 0% used [0x00000000eae00000,0x00000000eae00000,0x00000000eb000000)
 ParOldGen       total 322560K, used 259784K [0x00000000c0000000, 0x00000000d3b00000, 0x00000000eab00000)
  object space 322560K, 80% used [0x00000000c0000000,0x00000000cfdb23e8,0x00000000d3b00000)
 Metaspace       used 88151K, committed 89344K, reserved 1130496K
  class space    used 8986K, committed 9536K, reserved 1048576K
}
Event: 1372,883 GC heap before
{Heap before GC invocations=389 (full 12):
 PSYoungGen      total 3584K, used 3568K [0x00000000eab00000, 0x00000000eb200000, 0x0000000100000000)
  eden space 3072K, 100% used [0x00000000eab00000,0x00000000eae00000,0x00000000eae00000)
  from space 512K, 96% used [0x00000000eb000000,0x00000000eb07c010,0x00000000eb080000)
  to   space 2048K, 0% used [0x00000000eae00000,0x00000000eae00000,0x00000000eb000000)
 ParOldGen       total 322560K, used 259784K [0x00000000c0000000, 0x00000000d3b00000, 0x00000000eab00000)
  object space 322560K, 80% used [0x00000000c0000000,0x00000000cfdb23e8,0x00000000d3b00000)
 Metaspace       used 88154K, committed 89344K, reserved 1130496K
  class space    used 8986K, committed 9536K, reserved 1048576K
}
Event: 1372,884 GC heap after
{Heap after GC invocations=389 (full 12):
 PSYoungGen      total 4096K, used 704K [0x00000000eab00000, 0x00000000eb100000, 0x0000000100000000)
  eden space 3072K, 0% used [0x00000000eab00000,0x00000000eab00000,0x00000000eae00000)
  from space 1024K, 68% used [0x00000000eae00000,0x00000000eaeb0020,0x00000000eaf00000)
  to   space 1536K, 0% used [0x00000000eaf80000,0x00000000eaf80000,0x00000000eb100000)
 ParOldGen       total 322560K, used 260342K [0x00000000c0000000, 0x00000000d3b00000, 0x00000000eab00000)
  object space 322560K, 80% used [0x00000000c0000000,0x00000000cfe3d888,0x00000000d3b00000)
 Metaspace       used 88154K, committed 89344K, reserved 1130496K
  class space    used 8986K, committed 9536K, reserved 1048576K
}
Event: 1372,891 GC heap before
{Heap before GC invocations=390 (full 12):
 PSYoungGen      total 4096K, used 3776K [0x00000000eab00000, 0x00000000eb100000, 0x0000000100000000)
  eden space 3072K, 99% used [0x00000000eab00000,0x00000000eadffff0,0x00000000eae00000)
  from space 1024K, 68% used [0x00000000eae00000,0x00000000eaeb0020,0x00000000eaf00000)
  to   space 1536K, 0% used [0x00000000eaf80000,0x00000000eaf80000,0x00000000eb100000)
 ParOldGen       total 322560K, used 260342K [0x00000000c0000000, 0x00000000d3b00000, 0x00000000eab00000)
  object space 322560K, 80% used [0x00000000c0000000,0x00000000cfe3d888,0x00000000d3b00000)
 Metaspace       used 88159K, committed 89344K, reserved 1130496K
  class space    used 8986K, committed 9536K, reserved 1048576K
}
Event: 1372,892 GC heap after
{Heap after GC invocations=390 (full 12):
 PSYoungGen      total 4096K, used 720K [0x00000000eab00000, 0x00000000eb080000, 0x0000000100000000)
  eden space 3072K, 0% used [0x00000000eab00000,0x00000000eab00000,0x00000000eae00000)
  from space 1024K, 70% used [0x00000000eaf80000,0x00000000eb034010,0x00000000eb080000)
  to   space 1024K, 0% used [0x00000000eae00000,0x00000000eae00000,0x00000000eaf00000)
 ParOldGen       total 322560K, used 260960K [0x00000000c0000000, 0x00000000d3b00000, 0x00000000eab00000)
  object space 322560K, 80% used [0x00000000c0000000,0x00000000cfed81c8,0x00000000d3b00000)
 Metaspace       used 88159K, committed 89344K, reserved 1130496K
  class space    used 8986K, committed 9536K, reserved 1048576K
}
Event: 1374,787 GC heap before
{Heap before GC invocations=391 (full 12):
 PSYoungGen      total 4096K, used 3792K [0x00000000eab00000, 0x00000000eb080000, 0x0000000100000000)
  eden space 3072K, 100% used [0x00000000eab00000,0x00000000eae00000,0x00000000eae00000)
  from space 1024K, 70% used [0x00000000eaf80000,0x00000000eb034010,0x00000000eb080000)
  to   space 1024K, 0% used [0x00000000eae00000,0x00000000eae00000,0x00000000eaf00000)
 ParOldGen       total 322560K, used 260960K [0x00000000c0000000, 0x00000000d3b00000, 0x00000000eab00000)
  object space 322560K, 80% used [0x00000000c0000000,0x00000000cfed81c8,0x00000000d3b00000)
 Metaspace       used 88184K, committed 89408K, reserved 1130496K
  class space    used 8992K, committed 9536K, reserved 1048576K
}
Event: 1374,788 GC heap after
{Heap after GC invocations=391 (full 12):
 PSYoungGen      total 4096K, used 688K [0x00000000eab00000, 0x00000000eb000000, 0x0000000100000000)
  eden space 3072K, 0% used [0x00000000eab00000,0x00000000eab00000,0x00000000eae00000)
  from space 1024K, 67% used [0x00000000eae00000,0x00000000eaeac010,0x00000000eaf00000)
  to   space 1024K, 0% used [0x00000000eaf00000,0x00000000eaf00000,0x00000000eb000000)
 ParOldGen       total 322560K, used 261602K [0x00000000c0000000, 0x00000000d3b00000, 0x00000000eab00000)
  object space 322560K, 81% used [0x00000000c0000000,0x00000000cff78b08,0x00000000d3b00000)
 Metaspace       used 88184K, committed 89408K, reserved 1130496K
  class space    used 8992K, committed 9536K, reserved 1048576K
}
Event: 1375,054 GC heap before
{Heap before GC invocations=392 (full 12):
 PSYoungGen      total 4096K, used 3760K [0x00000000eab00000, 0x00000000eb000000, 0x0000000100000000)
  eden space 3072K, 100% used [0x00000000eab00000,0x00000000eae00000,0x00000000eae00000)
  from space 1024K, 67% used [0x00000000eae00000,0x00000000eaeac010,0x00000000eaf00000)
  to   space 1024K, 0% used [0x00000000eaf00000,0x00000000eaf00000,0x00000000eb000000)
 ParOldGen       total 322560K, used 261602K [0x00000000c0000000, 0x00000000d3b00000, 0x00000000eab00000)
  object space 322560K, 81% used [0x00000000c0000000,0x00000000cff78b08,0x00000000d3b00000)
 Metaspace       used 88196K, committed 89408K, reserved 1130496K
  class space    used 8992K, committed 9536K, reserved 1048576K
}
Event: 1375,055 GC heap after
{Heap after GC invocations=392 (full 12):
 PSYoungGen      total 3584K, used 1008K [0x00000000eab00000, 0x00000000eb100000, 0x0000000100000000)
  eden space 2560K, 0% used [0x00000000eab00000,0x00000000eab00000,0x00000000ead80000)
  from space 1024K, 98% used [0x00000000eaf00000,0x00000000eaffc010,0x00000000eb000000)
  to   space 1536K, 0% used [0x00000000ead80000,0x00000000ead80000,0x00000000eaf00000)
 ParOldGen       total 322560K, used 261602K [0x00000000c0000000, 0x00000000d3b00000, 0x00000000eab00000)
  object space 322560K, 81% used [0x00000000c0000000,0x00000000cff78b08,0x00000000d3b00000)
 Metaspace       used 88196K, committed 89408K, reserved 1130496K
  class space    used 8992K, committed 9536K, reserved 1048576K
}
Event: 1375,398 GC heap before
{Heap before GC invocations=393 (full 12):
 PSYoungGen      total 3584K, used 3568K [0x00000000eab00000, 0x00000000eb100000, 0x0000000100000000)
  eden space 2560K, 100% used [0x00000000eab00000,0x00000000ead80000,0x00000000ead80000)
  from space 1024K, 98% used [0x00000000eaf00000,0x00000000eaffc010,0x00000000eb000000)
  to   space 1536K, 0% used [0x00000000ead80000,0x00000000ead80000,0x00000000eaf00000)
 ParOldGen       total 322560K, used 261602K [0x00000000c0000000, 0x00000000d3b00000, 0x00000000eab00000)
  object space 322560K, 81% used [0x00000000c0000000,0x00000000cff78b08,0x00000000d3b00000)
 Metaspace       used 88212K, committed 89408K, reserved 1130496K
  class space    used 8992K, committed 9536K, reserved 1048576K
}
Event: 1375,400 GC heap after
{Heap after GC invocations=393 (full 12):
 PSYoungGen      total 3584K, used 640K [0x00000000eab00000, 0x00000000eaf80000, 0x0000000100000000)
  eden space 2560K, 0% used [0x00000000eab00000,0x00000000eab00000,0x00000000ead80000)
  from space 1024K, 62% used [0x00000000ead80000,0x00000000eae20000,0x00000000eae80000)
  to   space 1024K, 0% used [0x00000000eae80000,0x00000000eae80000,0x00000000eaf80000)
 ParOldGen       total 322560K, used 261610K [0x00000000c0000000, 0x00000000d3b00000, 0x00000000eab00000)
  object space 322560K, 81% used [0x00000000c0000000,0x00000000cff7ab08,0x00000000d3b00000)
 Metaspace       used 88212K, committed 89408K, reserved 1130496K
  class space    used 8992K, committed 9536K, reserved 1048576K
}
Event: 1375,653 GC heap before
{Heap before GC invocations=394 (full 12):
 PSYoungGen      total 3584K, used 3200K [0x00000000eab00000, 0x00000000eaf80000, 0x0000000100000000)
  eden space 2560K, 100% used [0x00000000eab00000,0x00000000ead80000,0x00000000ead80000)
  from space 1024K, 62% used [0x00000000ead80000,0x00000000eae20000,0x00000000eae80000)
  to   space 1024K, 0% used [0x00000000eae80000,0x00000000eae80000,0x00000000eaf80000)
 ParOldGen       total 322560K, used 261610K [0x00000000c0000000, 0x00000000d3b00000, 0x00000000eab00000)
  object space 322560K, 81% used [0x00000000c0000000,0x00000000cff7ab08,0x00000000d3b00000)
 Metaspace       used 88280K, committed 89472K, reserved 1130496K
  class space    used 8997K, committed 9536K, reserved 1048576K
}
Event: 1375,654 GC heap after
{Heap after GC invocations=394 (full 12):
 PSYoungGen      total 2560K, used 1024K [0x00000000eab00000, 0x00000000eb180000, 0x0000000100000000)
  eden space 1536K, 0% used [0x00000000eab00000,0x00000000eab00000,0x00000000eac80000)
  from space 1024K, 100% used [0x00000000eae80000,0x00000000eaf80000,0x00000000eaf80000)
  to   space 2048K, 0% used [0x00000000eac80000,0x00000000eac80000,0x00000000eae80000)
 ParOldGen       total 322560K, used 262010K [0x00000000c0000000, 0x00000000d3b00000, 0x00000000eab00000)
  object space 322560K, 81% used [0x00000000c0000000,0x00000000cffdeb48,0x00000000d3b00000)
 Metaspace       used 88280K, committed 89472K, reserved 1130496K
  class space    used 8997K, committed 9536K, reserved 1048576K
}
Event: 1375,658 GC heap before
{Heap before GC invocations=395 (full 12):
 PSYoungGen      total 2560K, used 2560K [0x00000000eab00000, 0x00000000eb180000, 0x0000000100000000)
  eden space 1536K, 100% used [0x00000000eab00000,0x00000000eac80000,0x00000000eac80000)
  from space 1024K, 100% used [0x00000000eae80000,0x00000000eaf80000,0x00000000eaf80000)
  to   space 2048K, 0% used [0x00000000eac80000,0x00000000eac80000,0x00000000eae80000)
 ParOldGen       total 322560K, used 262010K [0x00000000c0000000, 0x00000000d3b00000, 0x00000000eab00000)
  object space 322560K, 81% used [0x00000000c0000000,0x00000000cffdeb48,0x00000000d3b00000)
 Metaspace       used 88280K, committed 89472K, reserved 1130496K
  class space    used 8997K, committed 9536K, reserved 1048576K
}
Event: 1375,659 GC heap after
{Heap after GC invocations=395 (full 12):
 PSYoungGen      total 2560K, used 880K [0x00000000eab00000, 0x00000000eaf80000, 0x0000000100000000)
  eden space 1536K, 0% used [0x00000000eab00000,0x00000000eab00000,0x00000000eac80000)
  from space 1024K, 85% used [0x00000000eac80000,0x00000000ead5c010,0x00000000ead80000)
  to   space 1536K, 0% used [0x00000000eae00000,0x00000000eae00000,0x00000000eaf80000)
 ParOldGen       total 322560K, used 262282K [0x00000000c0000000, 0x00000000d3b00000, 0x00000000eab00000)
  object space 322560K, 81% used [0x00000000c0000000,0x00000000d0022b48,0x00000000d3b00000)
 Metaspace       used 88280K, committed 89472K, reserved 1130496K
  class space    used 8997K, committed 9536K, reserved 1048576K
}
Event: 1376,264 GC heap before
{Heap before GC invocations=396 (full 12):
 PSYoungGen      total 2560K, used 2416K [0x00000000eab00000, 0x00000000eaf80000, 0x0000000100000000)
  eden space 1536K, 99% used [0x00000000eab00000,0x00000000eac7fff8,0x00000000eac80000)
  from space 1024K, 85% used [0x00000000eac80000,0x00000000ead5c010,0x00000000ead80000)
  to   space 1536K, 0% used [0x00000000eae00000,0x00000000eae00000,0x00000000eaf80000)
 ParOldGen       total 322560K, used 262282K [0x00000000c0000000, 0x00000000d3b00000, 0x00000000eab00000)
  object space 322560K, 81% used [0x00000000c0000000,0x00000000d0022b48,0x00000000d3b00000)
 Metaspace       used 88284K, committed 89472K, reserved 1130496K
  class space    used 8997K, committed 9536K, reserved 1048576K
}
Event: 1376,265 GC heap after
{Heap after GC invocations=396 (full 12):
 PSYoungGen      total 2560K, used 848K [0x00000000eab00000, 0x00000000eaf00000, 0x0000000100000000)
  eden space 1536K, 0% used [0x00000000eab00000,0x00000000eab00000,0x00000000eac80000)
  from space 1024K, 82% used [0x00000000eae00000,0x00000000eaed4010,0x00000000eaf00000)
  to   space 1024K, 0% used [0x00000000eac80000,0x00000000eac80000,0x00000000ead80000)
 ParOldGen       total 322560K, used 262407K [0x00000000c0000000, 0x00000000d3b00000, 0x00000000eab00000)
  object space 322560K, 81% used [0x00000000c0000000,0x00000000d0041fc8,0x00000000d3b00000)
 Metaspace       used 88284K, committed 89472K, reserved 1130496K
  class space    used 8997K, committed 9536K, reserved 1048576K
}

